[2022-05-28 15:32:00][18] Processing: App\Listeners\Auth\SendEmailVerify
[2022-05-28 15:32:06][18] Processed:  App\Listeners\Auth\SendEmailVerify
[2022-05-28 15:33:54][19] Processing: App\Listeners\Auth\SendEmailVerify
[2022-05-28 15:33:59][19] Processed:  App\Listeners\Auth\SendEmailVerify
[2022-05-28 15:35:49][20] Processing: App\Listeners\Auth\SendEmailVerify
[2022-05-28 15:35:54][20] Processed:  App\Listeners\Auth\SendEmailVerify
[2022-05-28 15:36:07][21] Processing: App\Listeners\Auth\SendEmailVerify
[2022-05-28 15:36:11][21] Processed:  App\Listeners\Auth\SendEmailVerify
[2022-05-28 15:36:44][22] Processing: App\Listeners\Auth\SendEmailVerify
[2022-05-28 15:36:49][22] Processed:  App\Listeners\Auth\SendEmailVerify
[2022-05-28 15:37:02][23] Processing: App\Listeners\Auth\SendEmailVerify
[2022-05-28 15:37:06][23] Processed:  App\Listeners\Auth\SendEmailVerify
[2022-05-28 15:38:37][24] Processing: App\Listeners\Auth\SendEmailVerify
[2022-05-28 15:38:42][24] Processed:  App\Listeners\Auth\SendEmailVerify
[2022-05-28 15:39:06][25] Processing: App\Listeners\Auth\SendEmailVerify
[2022-05-28 15:39:13][25] Processed:  App\Listeners\Auth\SendEmailVerify
[2022-05-28 15:45:09][29] Processing: App\Listeners\Auth\SendEmailVerify
[2022-05-28 15:45:15][29] Processed:  App\Listeners\Auth\SendEmailVerify
[2022-05-28 15:57:05][30] Processing: App\Listeners\Auth\SendEmailVerify
[2022-05-28 15:57:05][30] Processed:  App\Listeners\Auth\SendEmailVerify
[2022-05-28 16:58:01][31] Processing: App\Listeners\Auth\SendEmailVerify
[2022-05-28 16:58:02][31] Processed:  App\Listeners\Auth\SendEmailVerify
[2022-05-28 17:03:27][32] Processing: App\Listeners\Auth\SendEmailVerify
[2022-05-28 17:03:27][32] Processed:  App\Listeners\Auth\SendEmailVerify
[2022-05-28 17:46:55][36] Processing: App\Notifications\SendEmailResetPassword
[2022-05-28 17:47:03][36] Processed:  App\Notifications\SendEmailResetPassword
[2022-05-28 17:48:48][37] Processing: App\Notifications\SendEmailResetPassword
[2022-05-28 17:48:54][37] Processed:  App\Notifications\SendEmailResetPassword
[2022-05-28 17:51:39][38] Processing: App\Notifications\SendEmailResetPassword
[2022-05-28 17:51:45][38] Processed:  App\Notifications\SendEmailResetPassword
[2022-05-28 17:52:57][39] Processing: App\Notifications\SendEmailResetPassword
[2022-05-28 17:53:03][39] Processed:  App\Notifications\SendEmailResetPassword
[2022-05-28 17:53:12][41] Processing: App\Notifications\SendEmailResetPassword
[2022-05-28 17:53:17][41] Processed:  App\Notifications\SendEmailResetPassword
[2022-05-28 17:55:05][43] Processing: App\Notifications\SendEmailResetPassword
[2022-05-28 17:55:11][43] Processed:  App\Notifications\SendEmailResetPassword
[2022-05-28 17:56:02][45] Processing: App\Listeners\Auth\SendEmailVerify
[2022-05-28 17:56:02][45] Processed:  App\Listeners\Auth\SendEmailVerify
[2022-05-28 18:00:12][46] Processing: App\Notifications\SendEmailResetPassword
[2022-05-28 18:00:22][46] Processed:  App\Notifications\SendEmailResetPassword
[2022-05-28 18:06:11][48] Processing: App\Notifications\SendEmailResetPassword
[2022-05-28 18:06:18][48] Processed:  App\Notifications\SendEmailResetPassword
[2022-05-28 18:06:18][49] Processing: App\Notifications\SendEmailResetPassword
[2022-05-28 18:06:18][49] Processed:  App\Notifications\SendEmailResetPassword
[2022-05-28 18:12:37][50] Processing: App\Notifications\SendEmailResetPassword
[2022-05-28 18:12:43][50] Processed:  App\Notifications\SendEmailResetPassword
[2022-05-28 18:12:43][51] Processing: App\Notifications\SendEmailResetPassword
[2022-05-28 18:12:44][51] Processed:  App\Notifications\SendEmailResetPassword
[2022-05-28 18:13:08][52] Processing: App\Notifications\SendEmailResetPassword
[2022-05-28 18:13:14][52] Processed:  App\Notifications\SendEmailResetPassword
[2022-05-28 18:13:14][53] Processing: App\Notifications\SendEmailResetPassword
[2022-05-28 18:13:15][53] Processed:  App\Notifications\SendEmailResetPassword
[2022-05-28 18:14:17][54] Processing: App\Notifications\SendEmailResetPassword
[2022-05-28 18:14:29][54] Processed:  App\Notifications\SendEmailResetPassword
[2022-05-28 18:14:29][55] Processing: App\Notifications\SendEmailResetPassword
[2022-05-28 18:14:30][55] Processed:  App\Notifications\SendEmailResetPassword
[2022-05-28 18:15:12][56] Processing: App\Listeners\Auth\SendEmailVerify
[2022-05-28 18:15:13][56] Processed:  App\Listeners\Auth\SendEmailVerify
[2022-05-28 18:18:40][57] Processing: App\Notifications\SendEmailResetPassword
[2022-05-28 18:18:47][57] Processed:  App\Notifications\SendEmailResetPassword
[2022-05-28 18:18:47][58] Processing: App\Notifications\SendEmailResetPassword
[2022-05-28 18:18:47][58] Processed:  App\Notifications\SendEmailResetPassword
[2022-05-28 18:19:20][59] Processing: App\Listeners\Auth\SendEmailVerify
[2022-05-28 18:19:21][59] Processed:  App\Listeners\Auth\SendEmailVerify
[2022-05-29 16:43:09][72] Processing: App\Notifications\UserRegistered
[2022-05-29 16:43:12][73] Processing: App\Notifications\UserRegistered
[2022-05-29 16:43:13][74] Processing: App\Notifications\UserRegistered
[2022-05-29 16:43:13][75] Processing: App\Notifications\UserRegistered
[2022-05-29 16:43:14][76] Processing: App\Notifications\UserRegistered
[2022-05-29 16:43:14][77] Processing: App\Notifications\UserRegistered
[2022-05-29 16:43:14][78] Processing: App\Notifications\UserRegistered
[2022-05-29 16:43:15][78] Failed:     App\Notifications\UserRegistered
[2022-05-29 16:43:17][79] Processing: App\Notifications\UserRegistered
[2022-05-29 16:43:17][80] Processing: App\Notifications\UserRegistered
[2022-05-29 16:43:17][81] Processing: App\Notifications\UserRegistered
[2022-05-29 16:43:18][82] Processing: App\Notifications\UserRegistered
[2022-05-29 16:43:18][83] Processing: App\Notifications\UserRegistered
[2022-05-29 16:43:18][84] Processing: App\Notifications\UserRegistered
[2022-05-29 16:43:19][84] Failed:     App\Notifications\UserRegistered
[2022-05-29 16:43:19][85] Processing: App\Notifications\UserRegistered
[2022-05-29 16:43:19][85] Failed:     App\Notifications\UserRegistered
[2022-05-29 16:43:20][86] Processing: App\Notifications\UserRegistered
[2022-05-29 16:43:20][86] Failed:     App\Notifications\UserRegistered
[2022-05-29 16:43:21][87] Processing: App\Notifications\UserRegistered
[2022-05-29 16:43:21][87] Failed:     App\Notifications\UserRegistered
[2022-05-29 16:43:23][88] Processing: App\Notifications\UserRegistered
[2022-05-29 16:43:23][88] Failed:     App\Notifications\UserRegistered
[2022-05-29 16:44:45][89] Processing: App\Jobs\SendEmailVerify
[2022-05-29 16:44:59][89] Processed:  App\Jobs\SendEmailVerify
[2022-05-29 16:46:08][90] Processing: App\Jobs\SendEmailVerify
[2022-05-29 16:46:16][90] Processed:  App\Jobs\SendEmailVerify
[2022-05-29 16:52:11][91] Processing: App\Jobs\SendEmailVerify
[2022-05-29 16:52:19][91] Processed:  App\Jobs\SendEmailVerify
[2022-05-29 16:54:32][92] Processing: App\Jobs\SendEmailVerify
[2022-05-29 16:54:38][92] Processed:  App\Jobs\SendEmailVerify
